2024-11-05 10:28:56,548 - asyncio - __init__ - DEBUG - Using selector: EpollSelector
2024-11-05 10:28:56,601 - sqlalchemy.engine.Engine - _execute_context - INFO - select pg_catalog.version()
2024-11-05 10:28:56,601 - sqlalchemy.engine.Engine - _execute_context - INFO - [raw sql] ()
2024-11-05 10:28:56,602 - sqlalchemy.engine.Engine - _execute_context - INFO - select current_schema()
2024-11-05 10:28:56,602 - sqlalchemy.engine.Engine - _execute_context - INFO - [raw sql] ()
2024-11-05 10:28:56,602 - sqlalchemy.engine.Engine - _execute_context - INFO - show standard_conforming_strings
2024-11-05 10:28:56,602 - sqlalchemy.engine.Engine - _execute_context - INFO - [raw sql] ()
2024-11-05 10:28:56,603 - sqlalchemy.engine.Engine - _connection_begin_impl - INFO - BEGIN (implicit)
2024-11-05 10:28:56,605 - sqlalchemy.engine.Engine - _execute_context - INFO - SELECT pg_catalog.pg_class.relname 
FROM pg_catalog.pg_class JOIN pg_catalog.pg_namespace ON pg_catalog.pg_namespace.oid = pg_catalog.pg_class.relnamespace 
WHERE pg_catalog.pg_class.relname = $1::VARCHAR AND pg_catalog.pg_class.relkind = ANY (ARRAY[$2::VARCHAR, $3::VARCHAR, $4::VARCHAR, $5::VARCHAR, $6::VARCHAR]) AND pg_catalog.pg_table_is_visible(pg_catalog.pg_class.oid) AND pg_catalog.pg_namespace.nspname != $7::VARCHAR
2024-11-05 10:28:56,605 - sqlalchemy.engine.Engine - _execute_context - INFO - [generated in 0.00015s] ('users', 'r', 'p', 'f', 'v', 'm', 'pg_catalog')
2024-11-05 10:28:56,607 - sqlalchemy.engine.Engine - _execute_context - INFO - SELECT pg_catalog.pg_class.relname 
FROM pg_catalog.pg_class JOIN pg_catalog.pg_namespace ON pg_catalog.pg_namespace.oid = pg_catalog.pg_class.relnamespace 
WHERE pg_catalog.pg_class.relname = $1::VARCHAR AND pg_catalog.pg_class.relkind = ANY (ARRAY[$2::VARCHAR, $3::VARCHAR, $4::VARCHAR, $5::VARCHAR, $6::VARCHAR]) AND pg_catalog.pg_table_is_visible(pg_catalog.pg_class.oid) AND pg_catalog.pg_namespace.nspname != $7::VARCHAR
2024-11-05 10:28:56,607 - sqlalchemy.engine.Engine - _execute_context - INFO - [cached since 0.001933s ago] ('products', 'r', 'p', 'f', 'v', 'm', 'pg_catalog')
2024-11-05 10:28:56,608 - sqlalchemy.engine.Engine - _execute_context - INFO - SELECT pg_catalog.pg_class.relname 
FROM pg_catalog.pg_class JOIN pg_catalog.pg_namespace ON pg_catalog.pg_namespace.oid = pg_catalog.pg_class.relnamespace 
WHERE pg_catalog.pg_class.relname = $1::VARCHAR AND pg_catalog.pg_class.relkind = ANY (ARRAY[$2::VARCHAR, $3::VARCHAR, $4::VARCHAR, $5::VARCHAR, $6::VARCHAR]) AND pg_catalog.pg_table_is_visible(pg_catalog.pg_class.oid) AND pg_catalog.pg_namespace.nspname != $7::VARCHAR
2024-11-05 10:28:56,608 - sqlalchemy.engine.Engine - _execute_context - INFO - [cached since 0.002397s ago] ('shopping_cart', 'r', 'p', 'f', 'v', 'm', 'pg_catalog')
2024-11-05 10:28:56,608 - sqlalchemy.engine.Engine - _execute_context - INFO - SELECT pg_catalog.pg_class.relname 
FROM pg_catalog.pg_class JOIN pg_catalog.pg_namespace ON pg_catalog.pg_namespace.oid = pg_catalog.pg_class.relnamespace 
WHERE pg_catalog.pg_class.relname = $1::VARCHAR AND pg_catalog.pg_class.relkind = ANY (ARRAY[$2::VARCHAR, $3::VARCHAR, $4::VARCHAR, $5::VARCHAR, $6::VARCHAR]) AND pg_catalog.pg_table_is_visible(pg_catalog.pg_class.oid) AND pg_catalog.pg_namespace.nspname != $7::VARCHAR
2024-11-05 10:28:56,608 - sqlalchemy.engine.Engine - _execute_context - INFO - [cached since 0.002815s ago] ('orders', 'r', 'p', 'f', 'v', 'm', 'pg_catalog')
2024-11-05 10:28:56,608 - sqlalchemy.engine.Engine - _execute_context - INFO - SELECT pg_catalog.pg_class.relname 
FROM pg_catalog.pg_class JOIN pg_catalog.pg_namespace ON pg_catalog.pg_namespace.oid = pg_catalog.pg_class.relnamespace 
WHERE pg_catalog.pg_class.relname = $1::VARCHAR AND pg_catalog.pg_class.relkind = ANY (ARRAY[$2::VARCHAR, $3::VARCHAR, $4::VARCHAR, $5::VARCHAR, $6::VARCHAR]) AND pg_catalog.pg_table_is_visible(pg_catalog.pg_class.oid) AND pg_catalog.pg_namespace.nspname != $7::VARCHAR
2024-11-05 10:28:56,609 - sqlalchemy.engine.Engine - _execute_context - INFO - [cached since 0.003243s ago] ('order_items', 'r', 'p', 'f', 'v', 'm', 'pg_catalog')
2024-11-05 10:28:56,609 - sqlalchemy.engine.Engine - _execute_context - INFO - SELECT pg_catalog.pg_class.relname 
FROM pg_catalog.pg_class JOIN pg_catalog.pg_namespace ON pg_catalog.pg_namespace.oid = pg_catalog.pg_class.relnamespace 
WHERE pg_catalog.pg_class.relname = $1::VARCHAR AND pg_catalog.pg_class.relkind = ANY (ARRAY[$2::VARCHAR, $3::VARCHAR, $4::VARCHAR, $5::VARCHAR, $6::VARCHAR]) AND pg_catalog.pg_table_is_visible(pg_catalog.pg_class.oid) AND pg_catalog.pg_namespace.nspname != $7::VARCHAR
2024-11-05 10:28:56,609 - sqlalchemy.engine.Engine - _execute_context - INFO - [cached since 0.003654s ago] ('balances', 'r', 'p', 'f', 'v', 'm', 'pg_catalog')
2024-11-05 10:28:56,609 - sqlalchemy.engine.Engine - _connection_commit_impl - INFO - COMMIT
2024-11-05 10:28:56,902 - core.handlers.handler - start_bot - INFO - Бот запущен!
2024-11-05 10:28:56,902 - aiogram.dispatcher - start_polling - INFO - Start polling
2024-11-05 10:28:56,959 - aiogram.dispatcher - _polling - INFO - Run polling for bot @ShopTraningBot id=7942268445 - 'ShopBotTraning'
2024-11-05 10:28:58,174 - aiogram.event - feed_update - INFO - Update id=874833431 is handled. Duration 239 ms by bot id=7942268445
2024-11-05 10:28:59,075 - aiogram.event - feed_update - INFO - Update id=874833432 is handled. Duration 188 ms by bot id=7942268445
2024-11-05 10:29:03,324 - aiogram.event - feed_update - INFO - Update id=874833433 is handled. Duration 98 ms by bot id=7942268445
2024-11-05 10:29:09,245 - aiogram.event - feed_update - INFO - Update id=874833434 is not handled. Duration 1 ms by bot id=7942268445
2024-11-05 10:29:09,245 - aiogram.event - _process_update - ERROR - Cause exception while process update id=874833434 by bot id=7942268445
ValueError: invalid literal for int() with base 10: '💵СПИСАТЬ СУММУ💵'
Traceback (most recent call last):
  File "/home/turra7/Рабочий стол/BotShop/venv/lib/python3.12/site-packages/aiogram/dispatcher/dispatcher.py", line 309, in _process_update
    response = await self.feed_update(bot, update, **kwargs)
               ^^^^^^^^^^^^^^^^^^^^^^^^^^^^^^^^^^^^^^^^^^^^^
  File "/home/turra7/Рабочий стол/BotShop/venv/lib/python3.12/site-packages/aiogram/dispatcher/dispatcher.py", line 158, in feed_update
    response = await self.update.wrap_outer_middleware(
               ^^^^^^^^^^^^^^^^^^^^^^^^^^^^^^^^^^^^^^^^
  File "/home/turra7/Рабочий стол/BotShop/venv/lib/python3.12/site-packages/aiogram/dispatcher/middlewares/error.py", line 25, in __call__
    return await handler(event, data)
           ^^^^^^^^^^^^^^^^^^^^^^^^^^
  File "/home/turra7/Рабочий стол/BotShop/venv/lib/python3.12/site-packages/aiogram/dispatcher/middlewares/user_context.py", line 56, in __call__
    return await handler(event, data)
           ^^^^^^^^^^^^^^^^^^^^^^^^^^
  File "/home/turra7/Рабочий стол/BotShop/venv/lib/python3.12/site-packages/aiogram/fsm/middleware.py", line 42, in __call__
    return await handler(event, data)
           ^^^^^^^^^^^^^^^^^^^^^^^^^^
  File "/home/turra7/Рабочий стол/BotShop/venv/lib/python3.12/site-packages/aiogram/dispatcher/event/telegram.py", line 121, in trigger
    return await wrapped_inner(event, kwargs)
           ^^^^^^^^^^^^^^^^^^^^^^^^^^^^^^^^^^
  File "/home/turra7/Рабочий стол/BotShop/venv/lib/python3.12/site-packages/aiogram/dispatcher/event/handler.py", line 43, in call
    return await wrapped()
           ^^^^^^^^^^^^^^^
  File "/home/turra7/Рабочий стол/BotShop/venv/lib/python3.12/site-packages/aiogram/dispatcher/dispatcher.py", line 276, in _listen_update
    return await self.propagate_event(update_type=update_type, event=event, **kwargs)
           ^^^^^^^^^^^^^^^^^^^^^^^^^^^^^^^^^^^^^^^^^^^^^^^^^^^^^^^^^^^^^^^^^^^^^^^^^^
  File "/home/turra7/Рабочий стол/BotShop/venv/lib/python3.12/site-packages/aiogram/dispatcher/router.py", line 146, in propagate_event
    return await observer.wrap_outer_middleware(_wrapped, event=event, data=kwargs)
           ^^^^^^^^^^^^^^^^^^^^^^^^^^^^^^^^^^^^^^^^^^^^^^^^^^^^^^^^^^^^^^^^^^^^^^^^
  File "/home/turra7/Рабочий стол/BotShop/venv/lib/python3.12/site-packages/aiogram/dispatcher/router.py", line 141, in _wrapped
    return await self._propagate_event(
           ^^^^^^^^^^^^^^^^^^^^^^^^^^^^
  File "/home/turra7/Рабочий стол/BotShop/venv/lib/python3.12/site-packages/aiogram/dispatcher/router.py", line 174, in _propagate_event
    response = await router.propagate_event(update_type=update_type, event=event, **kwargs)
               ^^^^^^^^^^^^^^^^^^^^^^^^^^^^^^^^^^^^^^^^^^^^^^^^^^^^^^^^^^^^^^^^^^^^^^^^^^^^
  File "/home/turra7/Рабочий стол/BotShop/venv/lib/python3.12/site-packages/aiogram/dispatcher/router.py", line 146, in propagate_event
    return await observer.wrap_outer_middleware(_wrapped, event=event, data=kwargs)
           ^^^^^^^^^^^^^^^^^^^^^^^^^^^^^^^^^^^^^^^^^^^^^^^^^^^^^^^^^^^^^^^^^^^^^^^^
  File "/home/turra7/Рабочий стол/BotShop/venv/lib/python3.12/site-packages/aiogram/dispatcher/router.py", line 141, in _wrapped
    return await self._propagate_event(
           ^^^^^^^^^^^^^^^^^^^^^^^^^^^^
  File "/home/turra7/Рабочий стол/BotShop/venv/lib/python3.12/site-packages/aiogram/dispatcher/router.py", line 166, in _propagate_event
    response = await observer.trigger(event, **kwargs)
               ^^^^^^^^^^^^^^^^^^^^^^^^^^^^^^^^^^^^^^^
  File "/home/turra7/Рабочий стол/BotShop/venv/lib/python3.12/site-packages/aiogram/dispatcher/event/telegram.py", line 121, in trigger
    return await wrapped_inner(event, kwargs)
           ^^^^^^^^^^^^^^^^^^^^^^^^^^^^^^^^^^
  File "/home/turra7/Рабочий стол/BotShop/venv/lib/python3.12/site-packages/aiogram/dispatcher/event/handler.py", line 43, in call
    return await wrapped()
           ^^^^^^^^^^^^^^^
  File "/home/turra7/Рабочий стол/BotShop/core/handlers/handler.py", line 264, in top_up_amount
    result = await top_up_admin(user_id=int(data['user_id']),
                                        ^^^^^^^^^^^^^^^^^^^^
ValueError: invalid literal for int() with base 10: '💵СПИСАТЬ СУММУ💵'
2024-11-05 10:29:11,050 - sqlalchemy.engine.Engine - _connection_begin_impl - INFO - BEGIN (implicit)
2024-11-05 10:29:11,058 - sqlalchemy.engine.Engine - _execute_context - INFO - SELECT users.tg_id, users.referal_code, users.referred_by 
FROM users 
WHERE users.tg_id = $1::INTEGER
2024-11-05 10:29:11,059 - sqlalchemy.engine.Engine - _execute_context - INFO - [generated in 0.00019s] (859676040,)
2024-11-05 10:29:11,060 - sqlalchemy.engine.Engine - _connection_rollback_impl - INFO - ROLLBACK
2024-11-05 10:29:11,171 - aiogram.event - feed_update - INFO - Update id=874833435 is handled. Duration 121 ms by bot id=7942268445
2024-11-05 10:30:02,289 - aiogram.dispatcher - _signal_stop_polling - WARNING - Received SIGINT signal
2024-11-05 10:30:02,289 - aiogram.dispatcher - _polling - INFO - Polling stopped for bot @ShopTraningBot id=7942268445 - 'ShopBotTraning'
2024-11-05 10:30:02,289 - aiogram.dispatcher - start_polling - INFO - Polling stopped
2024-11-05 10:30:02,574 - core.handlers.handler - stop_bot - INFO - Бот остановлен!
